2022-05-10T17:17:32.535827+00:00 INFO 'ansible_navigator.setup_logger' New ansible-navigator instance, logging initialized
2022-05-10T17:17:32.536959+00:00 INFO 'ansible_navigator.setup_logger' New ansible-runner instance, logging initialized
2022-05-10T17:17:32.537034+00:00 DEBUG 'ansible_navigator.main' ansible-builder==1.0.1 /Users/hmourad/Library/Python/3.8/lib/python/site-packages
2022-05-10T17:17:32.537091+00:00 DEBUG 'ansible_navigator.main' ansible-compat==2.0.2 /Users/hmourad/Library/Python/3.8/lib/python/site-packages
2022-05-10T17:17:32.537141+00:00 DEBUG 'ansible_navigator.main' ansible-core==2.12.4 /Users/hmourad/Library/Python/3.8/lib/python/site-packages
2022-05-10T17:17:32.537189+00:00 DEBUG 'ansible_navigator.main' ansible-lint==6.0.2 /Users/hmourad/Library/Python/3.8/lib/python/site-packages
2022-05-10T17:17:32.537236+00:00 DEBUG 'ansible_navigator.main' ansible-navigator==2.0.0 /Users/hmourad/Library/Python/3.8/lib/python/site-packages
2022-05-10T17:17:32.537282+00:00 DEBUG 'ansible_navigator.main' ansible-runner==2.1.3 /Users/hmourad/Library/Python/3.8/lib/python/site-packages
2022-05-10T17:17:32.537331+00:00 DEBUG 'ansible_navigator.main' ansible==5.6.0 /Users/hmourad/Library/Python/3.8/lib/python/site-packages
2022-05-10T17:17:32.537377+00:00 DEBUG 'ansible_navigator.main' astroid==2.4.2 /Users/hmourad/Library/Python/3.8/lib/python/site-packages
2022-05-10T17:17:32.537423+00:00 DEBUG 'ansible_navigator.main' attrs==21.4.0 /Users/hmourad/Library/Python/3.8/lib/python/site-packages
2022-05-10T17:17:32.537469+00:00 DEBUG 'ansible_navigator.main' aws==0.2.5 /Users/hmourad/Library/Python/3.8/lib/python/site-packages
2022-05-10T17:17:32.537515+00:00 DEBUG 'ansible_navigator.main' awscli==1.21.4 /Users/hmourad/Library/Python/3.8/lib/python/site-packages
2022-05-10T17:17:32.537565+00:00 DEBUG 'ansible_navigator.main' backports.zoneinfo==0.2.1 /Users/hmourad/Library/Python/3.8/lib/python/site-packages
2022-05-10T17:17:32.537612+00:00 DEBUG 'ansible_navigator.main' bcrypt==3.2.0 /Users/hmourad/Library/Python/3.8/lib/python/site-packages
2022-05-10T17:17:32.537657+00:00 DEBUG 'ansible_navigator.main' bindep==2.11.0 /Users/hmourad/Library/Python/3.8/lib/python/site-packages
2022-05-10T17:17:32.537703+00:00 DEBUG 'ansible_navigator.main' boto3==1.19.5 /Users/hmourad/Library/Python/3.8/lib/python/site-packages
2022-05-10T17:17:32.537748+00:00 DEBUG 'ansible_navigator.main' boto==2.49.0 /Users/hmourad/Library/Python/3.8/lib/python/site-packages
2022-05-10T17:17:32.537793+00:00 DEBUG 'ansible_navigator.main' botocore==1.22.5 /Users/hmourad/Library/Python/3.8/lib/python/site-packages
2022-05-10T17:17:32.537838+00:00 DEBUG 'ansible_navigator.main' bracex==2.2.1 /Users/hmourad/Library/Python/3.8/lib/python/site-packages
2022-05-10T17:17:32.537883+00:00 DEBUG 'ansible_navigator.main' certifi==2020.6.20 /Library/Frameworks/Python.framework/Versions/3.8/lib/python3.8/site-packages
2022-05-10T17:17:32.537929+00:00 DEBUG 'ansible_navigator.main' cffi==1.15.0 /Users/hmourad/Library/Python/3.8/lib/python/site-packages
2022-05-10T17:17:32.537975+00:00 DEBUG 'ansible_navigator.main' charset-normalizer==2.0.7 /Users/hmourad/Library/Python/3.8/lib/python/site-packages
2022-05-10T17:17:32.538020+00:00 DEBUG 'ansible_navigator.main' colorama==0.4.3 /Users/hmourad/Library/Python/3.8/lib/python/site-packages
2022-05-10T17:17:32.538065+00:00 DEBUG 'ansible_navigator.main' commonmark==0.9.1 /Users/hmourad/Library/Python/3.8/lib/python/site-packages
2022-05-10T17:17:32.538110+00:00 DEBUG 'ansible_navigator.main' cryptography==35.0.0 /Users/hmourad/Library/Python/3.8/lib/python/site-packages
2022-05-10T17:17:32.538156+00:00 DEBUG 'ansible_navigator.main' distro==1.7.0 /Users/hmourad/Library/Python/3.8/lib/python/site-packages
2022-05-10T17:17:32.538202+00:00 DEBUG 'ansible_navigator.main' docutils==0.15.2 /Users/hmourad/Library/Python/3.8/lib/python/site-packages
2022-05-10T17:17:32.538247+00:00 DEBUG 'ansible_navigator.main' enrich==1.2.7 /Users/hmourad/Library/Python/3.8/lib/python/site-packages
2022-05-10T17:17:32.538293+00:00 DEBUG 'ansible_navigator.main' fabric==2.6.0 /Users/hmourad/Library/Python/3.8/lib/python/site-packages
2022-05-10T17:17:32.538352+00:00 DEBUG 'ansible_navigator.main' idna==3.3 /Users/hmourad/Library/Python/3.8/lib/python/site-packages
2022-05-10T17:17:32.538396+00:00 DEBUG 'ansible_navigator.main' importlib-resources==5.6.0 /Users/hmourad/Library/Python/3.8/lib/python/site-packages
2022-05-10T17:17:32.538438+00:00 DEBUG 'ansible_navigator.main' invoke==1.6.0 /Users/hmourad/Library/Python/3.8/lib/python/site-packages
2022-05-10T17:17:32.538480+00:00 DEBUG 'ansible_navigator.main' isort==5.5.2 /Users/hmourad/Library/Python/3.8/lib/python/site-packages
2022-05-10T17:17:32.538521+00:00 DEBUG 'ansible_navigator.main' jinja2==3.0.2 /Users/hmourad/Library/Python/3.8/lib/python/site-packages
2022-05-10T17:17:32.538563+00:00 DEBUG 'ansible_navigator.main' jmespath==0.10.0 /Users/hmourad/Library/Python/3.8/lib/python/site-packages
2022-05-10T17:17:32.538604+00:00 DEBUG 'ansible_navigator.main' jsonschema==4.4.0 /Users/hmourad/Library/Python/3.8/lib/python/site-packages
2022-05-10T17:17:32.538646+00:00 DEBUG 'ansible_navigator.main' lazy-object-proxy==1.4.3 /Users/hmourad/Library/Python/3.8/lib/python/site-packages
2022-05-10T17:17:32.538688+00:00 DEBUG 'ansible_navigator.main' lockfile==0.12.2 /Users/hmourad/Library/Python/3.8/lib/python/site-packages
2022-05-10T17:17:32.538730+00:00 DEBUG 'ansible_navigator.main' markupsafe==2.0.1 /Users/hmourad/Library/Python/3.8/lib/python/site-packages
2022-05-10T17:17:32.538771+00:00 DEBUG 'ansible_navigator.main' mccabe==0.6.1 /Users/hmourad/Library/Python/3.8/lib/python/site-packages
2022-05-10T17:17:32.538813+00:00 DEBUG 'ansible_navigator.main' netaddr==0.8.0 /Users/hmourad/Library/Python/3.8/lib/python/site-packages
2022-05-10T17:17:32.538855+00:00 DEBUG 'ansible_navigator.main' ntlm-auth==1.5.0 /Users/hmourad/Library/Python/3.8/lib/python/site-packages
2022-05-10T17:17:32.538896+00:00 DEBUG 'ansible_navigator.main' onigurumacffi==1.1.0 /Users/hmourad/Library/Python/3.8/lib/python/site-packages
2022-05-10T17:17:32.538938+00:00 DEBUG 'ansible_navigator.main' packaging==21.0 /Users/hmourad/Library/Python/3.8/lib/python/site-packages
2022-05-10T17:17:32.538979+00:00 DEBUG 'ansible_navigator.main' paramiko==2.9.2 /Users/hmourad/Library/Python/3.8/lib/python/site-packages
2022-05-10T17:17:32.539021+00:00 DEBUG 'ansible_navigator.main' parsley==1.3 /Users/hmourad/Library/Python/3.8/lib/python/site-packages
2022-05-10T17:17:32.539063+00:00 DEBUG 'ansible_navigator.main' passlib==1.7.4 /Users/hmourad/Library/Python/3.8/lib/python/site-packages
2022-05-10T17:17:32.539105+00:00 DEBUG 'ansible_navigator.main' pathlib2==2.3.6 /Users/hmourad/Library/Python/3.8/lib/python/site-packages
2022-05-10T17:17:32.539146+00:00 DEBUG 'ansible_navigator.main' pathspec==0.9.0 /Users/hmourad/Library/Python/3.8/lib/python/site-packages
2022-05-10T17:17:32.539188+00:00 DEBUG 'ansible_navigator.main' pbr==5.8.1 /Users/hmourad/Library/Python/3.8/lib/python/site-packages
2022-05-10T17:17:32.539230+00:00 DEBUG 'ansible_navigator.main' pexpect==4.8.0 /Users/hmourad/Library/Python/3.8/lib/python/site-packages
2022-05-10T17:17:32.539271+00:00 DEBUG 'ansible_navigator.main' pip==22.0.4 /Users/hmourad/Library/Python/3.8/lib/python/site-packages
2022-05-10T17:17:32.539314+00:00 DEBUG 'ansible_navigator.main' podman==3.2.1 /Users/hmourad/Library/Python/3.8/lib/python/site-packages
2022-05-10T17:17:32.539355+00:00 DEBUG 'ansible_navigator.main' prettytable==3.0.0 /Users/hmourad/Library/Python/3.8/lib/python/site-packages
2022-05-10T17:17:32.539397+00:00 DEBUG 'ansible_navigator.main' ptyprocess==0.7.0 /Users/hmourad/Library/Python/3.8/lib/python/site-packages
2022-05-10T17:17:32.539438+00:00 DEBUG 'ansible_navigator.main' pyasn1==0.4.8 /Users/hmourad/Library/Python/3.8/lib/python/site-packages
2022-05-10T17:17:32.539479+00:00 DEBUG 'ansible_navigator.main' pycparser==2.20 /Users/hmourad/Library/Python/3.8/lib/python/site-packages
2022-05-10T17:17:32.539520+00:00 DEBUG 'ansible_navigator.main' pygments==2.11.2 /Users/hmourad/Library/Python/3.8/lib/python/site-packages
2022-05-10T17:17:32.539575+00:00 DEBUG 'ansible_navigator.main' pylint==2.6.0 /Users/hmourad/Library/Python/3.8/lib/python/site-packages
2022-05-10T17:17:32.539617+00:00 DEBUG 'ansible_navigator.main' pynacl==1.5.0 /Users/hmourad/Library/Python/3.8/lib/python/site-packages
2022-05-10T17:17:32.539659+00:00 DEBUG 'ansible_navigator.main' pyopenssl==21.0.0 /Users/hmourad/Library/Python/3.8/lib/python/site-packages
2022-05-10T17:17:32.539700+00:00 DEBUG 'ansible_navigator.main' pyparsing==3.0.3 /Users/hmourad/Library/Python/3.8/lib/python/site-packages
2022-05-10T17:17:32.539742+00:00 DEBUG 'ansible_navigator.main' pyrsistent==0.18.1 /Users/hmourad/Library/Python/3.8/lib/python/site-packages
2022-05-10T17:17:32.539783+00:00 DEBUG 'ansible_navigator.main' pyspnego==0.3.0 /Users/hmourad/Library/Python/3.8/lib/python/site-packages
2022-05-10T17:17:32.539825+00:00 DEBUG 'ansible_navigator.main' python-daemon==2.3.0 /Users/hmourad/Library/Python/3.8/lib/python/site-packages
2022-05-10T17:17:32.539866+00:00 DEBUG 'ansible_navigator.main' python-dateutil==2.8.2 /Users/hmourad/Library/Python/3.8/lib/python/site-packages
2022-05-10T17:17:32.539907+00:00 DEBUG 'ansible_navigator.main' pywinrm==0.4.2 /Users/hmourad/Library/Python/3.8/lib/python/site-packages
2022-05-10T17:17:32.539948+00:00 DEBUG 'ansible_navigator.main' pyxdg==0.27 /Users/hmourad/Library/Python/3.8/lib/python/site-packages
2022-05-10T17:17:32.539990+00:00 DEBUG 'ansible_navigator.main' pyyaml==5.4.1 /Users/hmourad/Library/Python/3.8/lib/python/site-packages
2022-05-10T17:17:32.540031+00:00 DEBUG 'ansible_navigator.main' requests-credssp==1.3.0 /Users/hmourad/Library/Python/3.8/lib/python/site-packages
2022-05-10T17:17:32.540072+00:00 DEBUG 'ansible_navigator.main' requests-ntlm==1.1.0 /Users/hmourad/Library/Python/3.8/lib/python/site-packages
2022-05-10T17:17:32.540114+00:00 DEBUG 'ansible_navigator.main' requests==2.26.0 /Users/hmourad/Library/Python/3.8/lib/python/site-packages
2022-05-10T17:17:32.540155+00:00 DEBUG 'ansible_navigator.main' requirements-parser==0.5.0 /Users/hmourad/Library/Python/3.8/lib/python/site-packages
2022-05-10T17:17:32.540196+00:00 DEBUG 'ansible_navigator.main' resolvelib==0.5.4 /Users/hmourad/Library/Python/3.8/lib/python/site-packages
2022-05-10T17:17:32.540237+00:00 DEBUG 'ansible_navigator.main' rich==12.2.0 /Users/hmourad/Library/Python/3.8/lib/python/site-packages
2022-05-10T17:17:32.540278+00:00 DEBUG 'ansible_navigator.main' rsa==4.7.2 /Users/hmourad/Library/Python/3.8/lib/python/site-packages
2022-05-10T17:17:32.540319+00:00 DEBUG 'ansible_navigator.main' ruamel.yaml.clib==0.2.6 /Users/hmourad/Library/Python/3.8/lib/python/site-packages
2022-05-10T17:17:32.540360+00:00 DEBUG 'ansible_navigator.main' ruamel.yaml==0.17.21 /Users/hmourad/Library/Python/3.8/lib/python/site-packages
2022-05-10T17:17:32.540401+00:00 DEBUG 'ansible_navigator.main' s3transfer==0.5.0 /Users/hmourad/Library/Python/3.8/lib/python/site-packages
2022-05-10T17:17:32.540443+00:00 DEBUG 'ansible_navigator.main' setuptools==47.1.0 /Library/Frameworks/Python.framework/Versions/3.8/lib/python3.8/site-packages
2022-05-10T17:17:32.540484+00:00 DEBUG 'ansible_navigator.main' six==1.15.0 /Users/hmourad/Library/Python/3.8/lib/python/site-packages
2022-05-10T17:17:32.540525+00:00 DEBUG 'ansible_navigator.main' subprocess-tee==0.3.5 /Users/hmourad/Library/Python/3.8/lib/python/site-packages
2022-05-10T17:17:32.540566+00:00 DEBUG 'ansible_navigator.main' toml==0.10.2 /Users/hmourad/Library/Python/3.8/lib/python/site-packages
2022-05-10T17:17:32.540607+00:00 DEBUG 'ansible_navigator.main' types-setuptools==57.4.14 /Users/hmourad/Library/Python/3.8/lib/python/site-packages
2022-05-10T17:17:32.540649+00:00 DEBUG 'ansible_navigator.main' typing-extensions==4.1.1 /Users/hmourad/Library/Python/3.8/lib/python/site-packages
2022-05-10T17:17:32.540690+00:00 DEBUG 'ansible_navigator.main' tzdata==2022.1 /Users/hmourad/Library/Python/3.8/lib/python/site-packages
2022-05-10T17:17:32.540732+00:00 DEBUG 'ansible_navigator.main' urllib3==1.26.7 /Users/hmourad/Library/Python/3.8/lib/python/site-packages
2022-05-10T17:17:32.540785+00:00 DEBUG 'ansible_navigator.main' wcmatch==8.3 /Users/hmourad/Library/Python/3.8/lib/python/site-packages
2022-05-10T17:17:32.540828+00:00 DEBUG 'ansible_navigator.main' wcwidth==0.2.5 /Users/hmourad/Library/Python/3.8/lib/python/site-packages
2022-05-10T17:17:32.540870+00:00 DEBUG 'ansible_navigator.main' wheel==0.37.0 /Users/hmourad/Library/Python/3.8/lib/python/site-packages
2022-05-10T17:17:32.540911+00:00 DEBUG 'ansible_navigator.main' wrapt==1.12.1 /Users/hmourad/Library/Python/3.8/lib/python/site-packages
2022-05-10T17:17:32.540953+00:00 DEBUG 'ansible_navigator.main' xmltodict==0.12.0 /Users/hmourad/Library/Python/3.8/lib/python/site-packages
2022-05-10T17:17:32.540994+00:00 DEBUG 'ansible_navigator.main' yamllint==1.26.3 /Users/hmourad/Library/Python/3.8/lib/python/site-packages
2022-05-10T17:17:32.541036+00:00 DEBUG 'ansible_navigator.main' zipp==3.8.0 /Users/hmourad/Library/Python/3.8/lib/python/site-packages
2022-05-10T17:17:32.541077+00:00 DEBUG 'ansible_navigator.main' Share directory '/Users/hmourad/Library/Python/3.8/lib/python/share/ansible_navigator' not found (development path)
2022-05-10T17:17:32.541119+00:00 DEBUG 'ansible_navigator.main' Share directory '/Users/hmourad/Library/Python/3.8/share/ansible_navigator' found (userbase)
2022-05-10T17:17:32.541161+00:00 DEBUG 'ansible_navigator.main' Default collection_doc_cache_path set to: /Users/hmourad/.cache/ansible-navigator/collection_doc_cache.db
2022-05-10T17:17:32.541203+00:00 DEBUG 'ansible_navigator.main' EDITOR environment variable not set
2022-05-10T17:17:32.541244+00:00 DEBUG 'ansible_navigator.main' Default editor_command set to: vi +{line_number} {filename}
2022-05-10T17:17:32.541285+00:00 DEBUG 'ansible_navigator.main' No config file set by ANSIBLE_NAVIGATOR_CONFIG
2022-05-10T17:17:32.541327+00:00 DEBUG 'ansible_navigator.main' Looking in /Users/hmourad
2022-05-10T17:17:32.541369+00:00 DEBUG 'ansible_navigator.main' Looking for '/Users/hmourad/.ansible-navigator.yml', '/Users/hmourad/.ansible-navigator.yaml' and '/Users/hmourad/.ansible-navigator.json'
2022-05-10T17:17:32.541410+00:00 DEBUG 'ansible_navigator.main' Found 0: 
2022-05-10T17:17:32.541452+00:00 DEBUG 'ansible_navigator.main' Looking in /Users/hmourad/Documents/GitHub/lamna_fulldevenv
2022-05-10T17:17:32.541493+00:00 DEBUG 'ansible_navigator.main' Looking for '/Users/hmourad/Documents/GitHub/lamna_fulldevenv/ansible-navigator.yml', '/Users/hmourad/Documents/GitHub/lamna_fulldevenv/ansible-navigator.yaml' and '/Users/hmourad/Documents/GitHub/lamna_fulldevenv/ansible-navigator.json'
2022-05-10T17:17:32.541535+00:00 DEBUG 'ansible_navigator.main' Found 0: 
2022-05-10T17:17:32.541577+00:00 DEBUG 'ansible_navigator.main' All found 0: 
2022-05-10T17:17:32.541618+00:00 DEBUG 'ansible_navigator.main' Using: None
2022-05-10T17:17:32.541659+00:00 DEBUG 'ansible_navigator.main' No valid settings file found, using all default values for settings.
2022-05-10T17:17:32.541701+00:00 DEBUG 'ansible_navigator.main' Command provided: 'lint setup_demo.yml'
2022-05-10T17:17:32.541742+00:00 DEBUG 'ansible_navigator.main' EE support enabled: using current working directory for 'ansible.cfg'
2022-05-10T17:17:32.541784+00:00 INFO 'ansible_navigator.main' EE support enabled: no 'ansible.cfg' found in current working directory. Tried /Users/hmourad/Documents/GitHub/lamna_fulldevenv/ansible.cfg
2022-05-10T17:17:32.541826+00:00 DEBUG 'ansible_navigator.main' Completed post processing for ansible_runner_artifact_dir. (changed=False)
2022-05-10T17:17:32.541867+00:00 DEBUG 'ansible_navigator.main' Completed post processing for ansible_runner_rotate_artifacts_count. (changed=False)
2022-05-10T17:17:32.541908+00:00 DEBUG 'ansible_navigator.main' Completed post processing for ansible_runner_timeout. (changed=False)
2022-05-10T17:17:32.541950+00:00 DEBUG 'ansible_navigator.main' Completed post processing for cmdline. (changed=False)
2022-05-10T17:17:32.541992+00:00 DEBUG 'ansible_navigator.main' Completed post processing for collection_doc_cache_path. (changed=False)
2022-05-10T17:17:32.542045+00:00 DEBUG 'ansible_navigator.main' Completed post processing for container_engine. (changed=True)
2022-05-10T17:17:32.542087+00:00 DEBUG 'ansible_navigator.main'  before: 'auto'
2022-05-10T17:17:32.542129+00:00 DEBUG 'ansible_navigator.main'  after: 'podman'
2022-05-10T17:17:32.542170+00:00 DEBUG 'ansible_navigator.main' Completed post processing for container_options. (changed=False)
2022-05-10T17:17:32.542212+00:00 DEBUG 'ansible_navigator.main' Completed post processing for display_color. (changed=False)
2022-05-10T17:17:32.542253+00:00 DEBUG 'ansible_navigator.main' Completed post processing for execution_environment. (changed=False)
2022-05-10T17:17:32.542295+00:00 DEBUG 'ansible_navigator.main' Completed post processing for execution_environment_image. (changed=False)
2022-05-10T17:17:32.542336+00:00 DEBUG 'ansible_navigator.main' Completed post processing for help_builder. (changed=False)
2022-05-10T17:17:32.542378+00:00 DEBUG 'ansible_navigator.main' Completed post processing for help_config. (changed=False)
2022-05-10T17:17:32.542419+00:00 DEBUG 'ansible_navigator.main' Completed post processing for help_doc. (changed=False)
2022-05-10T17:17:32.542460+00:00 DEBUG 'ansible_navigator.main' Completed post processing for help_inventory. (changed=False)
2022-05-10T17:17:32.542502+00:00 DEBUG 'ansible_navigator.main' Completed post processing for help_playbook. (changed=False)
2022-05-10T17:17:32.542544+00:00 DEBUG 'ansible_navigator.main' Completed post processing for images_details. (changed=False)
2022-05-10T17:17:32.542585+00:00 DEBUG 'ansible_navigator.main' Completed post processing for inventory. (changed=False)
2022-05-10T17:17:32.542627+00:00 DEBUG 'ansible_navigator.main' Completed post processing for inventory_column. (changed=False)
2022-05-10T17:17:32.542669+00:00 DEBUG 'ansible_navigator.main' Completed post processing for log_file. (changed=False)
2022-05-10T17:17:32.542710+00:00 DEBUG 'ansible_navigator.main' Completed post processing for pass_environment_variable. (changed=False)
2022-05-10T17:17:32.542752+00:00 DEBUG 'ansible_navigator.main' Completed post processing for playbook. (changed=False)
2022-05-10T17:17:32.542794+00:00 DEBUG 'ansible_navigator.main' Completed post processing for playbook_artifact_replay. (changed=False)
2022-05-10T17:17:32.542836+00:00 DEBUG 'ansible_navigator.main' Completed post processing for playbook_artifact_save_as. (changed=False)
2022-05-10T17:17:32.542878+00:00 DEBUG 'ansible_navigator.main' Completed post processing for plugin_name. (changed=False)
2022-05-10T17:17:32.542919+00:00 DEBUG 'ansible_navigator.main' Completed post processing for pull_arguments. (changed=False)
2022-05-10T17:17:32.542961+00:00 DEBUG 'ansible_navigator.main' Completed post processing for set_environment_variable. (changed=False)
2022-05-10T17:17:32.543010+00:00 DEBUG 'ansible_navigator.main' Completed post processing for settings_effective. (changed=False)
2022-05-10T17:17:32.543052+00:00 DEBUG 'ansible_navigator.main' Completed post processing for settings_sample. (changed=False)
2022-05-10T17:17:32.543094+00:00 DEBUG 'ansible_navigator.main' Completed post processing for settings_schema. (changed=False)
2022-05-10T17:17:32.543135+00:00 DEBUG 'ansible_navigator.main' Completed post processing for settings_sources. (changed=False)
2022-05-10T17:17:32.543177+00:00 DEBUG 'ansible_navigator.main' Completed post processing for time_zone. (changed=False)
2022-05-10T17:17:32.543219+00:00 DEBUG 'ansible_navigator.main' Completed post processing for execution_environment_volume_mounts. (changed=True)
2022-05-10T17:17:32.543260+00:00 DEBUG 'ansible_navigator.main'  before: 'Not set'
2022-05-10T17:17:32.543302+00:00 DEBUG 'ansible_navigator.main'  after: '['/Users/hmourad/Documents/GitHub/lamna_fulldevenv/setup_demo.yml:/Users/hmourad/Documents/GitHub/lamna_fulldevenv/setup_demo.yml']'
2022-05-10T17:17:32.543344+00:00 DEBUG 'ansible_navigator.main' Completed post processing for mode. (changed=False)
2022-05-10T17:17:32.543389+00:00 WARNING 'ansible_navigator.main' Configuration errors encountered, rolling back to previous configuration.
2022-05-10T17:17:32.543444+00:00 DEBUG 'ansible_navigator.main' Prior to rollback: ansible_runner_artifact_dir = 'Not set' (Constants/Not set)
2022-05-10T17:17:32.543492+00:00 DEBUG 'ansible_navigator.main' Prior to rollback: ansible_runner_rotate_artifacts_count = 'Not set' (Constants/Not set)
2022-05-10T17:17:32.543536+00:00 DEBUG 'ansible_navigator.main' Prior to rollback: ansible_runner_timeout = 'Not set' (Constants/Not set)
2022-05-10T17:17:32.543578+00:00 DEBUG 'ansible_navigator.main' Prior to rollback: app = 'lint' (str/Command line)
2022-05-10T17:17:32.543619+00:00 DEBUG 'ansible_navigator.main' Prior to rollback: cmdline = 'Not set' (Constants/Not set)
2022-05-10T17:17:32.543661+00:00 DEBUG 'ansible_navigator.main' Prior to rollback: collection_doc_cache_path = '/Users/hmourad/.cache/ansible-navigator/collection_doc_cache.db' (str/Defaults)
2022-05-10T17:17:32.543703+00:00 DEBUG 'ansible_navigator.main' Prior to rollback: config = 'Not set' (Constants/Not set)
2022-05-10T17:17:32.543744+00:00 DEBUG 'ansible_navigator.main' Prior to rollback: container_engine = 'podman' (str/Automatically determined)
2022-05-10T17:17:32.543786+00:00 DEBUG 'ansible_navigator.main' Prior to rollback: container_options = 'Not set' (Constants/Not set)
2022-05-10T17:17:32.543830+00:00 DEBUG 'ansible_navigator.main' Prior to rollback: display_color = 'True' (bool/Defaults)
2022-05-10T17:17:32.543872+00:00 DEBUG 'ansible_navigator.main' Prior to rollback: editor_command = 'vi +{line_number} {filename}' (str/Defaults)
2022-05-10T17:17:32.543914+00:00 DEBUG 'ansible_navigator.main' Prior to rollback: editor_console = 'True' (bool/Defaults)
2022-05-10T17:17:32.543956+00:00 DEBUG 'ansible_navigator.main' Prior to rollback: exec_command = '/bin/bash' (str/Defaults)
2022-05-10T17:17:32.543998+00:00 DEBUG 'ansible_navigator.main' Prior to rollback: exec_shell = 'True' (bool/Defaults)
2022-05-10T17:17:32.544039+00:00 DEBUG 'ansible_navigator.main' Prior to rollback: execution_environment = 'True' (bool/Defaults)
2022-05-10T17:17:32.544081+00:00 DEBUG 'ansible_navigator.main' Prior to rollback: execution_environment_image = 'quay.io/ansible/creator-ee:v0.4.2' (str/Defaults)
2022-05-10T17:17:32.544123+00:00 DEBUG 'ansible_navigator.main' Prior to rollback: execution_environment_volume_mounts = '['/Users/hmourad/Documents/GitHub/lamna_fulldevenv/setup_demo.yml:/Users/hmourad/Documents/GitHub/lamna_fulldevenv/setup_demo.yml']' (list/Not set)
2022-05-10T17:17:32.544171+00:00 DEBUG 'ansible_navigator.main' Prior to rollback: help_builder = 'False' (bool/Defaults)
2022-05-10T17:17:32.544214+00:00 DEBUG 'ansible_navigator.main' Prior to rollback: help_config = 'False' (bool/Defaults)
2022-05-10T17:17:32.544256+00:00 DEBUG 'ansible_navigator.main' Prior to rollback: help_doc = 'False' (bool/Defaults)
2022-05-10T17:17:32.544297+00:00 DEBUG 'ansible_navigator.main' Prior to rollback: help_inventory = 'False' (bool/Defaults)
2022-05-10T17:17:32.544339+00:00 DEBUG 'ansible_navigator.main' Prior to rollback: help_playbook = 'False' (bool/Defaults)
2022-05-10T17:17:32.544380+00:00 DEBUG 'ansible_navigator.main' Prior to rollback: images_details = '['everything']' (list/Defaults)
2022-05-10T17:17:32.544422+00:00 DEBUG 'ansible_navigator.main' Prior to rollback: inventory = 'Not set' (Constants/Not set)
2022-05-10T17:17:32.544463+00:00 DEBUG 'ansible_navigator.main' Prior to rollback: inventory_column = 'Not set' (Constants/Not set)
2022-05-10T17:17:32.544505+00:00 DEBUG 'ansible_navigator.main' Prior to rollback: lint_config = 'Not set' (Constants/Not set)
2022-05-10T17:17:32.544546+00:00 DEBUG 'ansible_navigator.main' Prior to rollback: lintables = 'setup_demo.yml' (str/Command line)
2022-05-10T17:17:32.544588+00:00 DEBUG 'ansible_navigator.main' Prior to rollback: log_append = 'True' (bool/Defaults)
2022-05-10T17:17:32.544630+00:00 DEBUG 'ansible_navigator.main' Prior to rollback: log_file = '/Users/hmourad/Documents/GitHub/lamna_fulldevenv/ansible-navigator.log' (str/Defaults)
2022-05-10T17:17:32.544688+00:00 DEBUG 'ansible_navigator.main' Prior to rollback: log_level = 'warning' (str/Defaults)
2022-05-10T17:17:32.544732+00:00 DEBUG 'ansible_navigator.main' Prior to rollback: mode = 'interactive' (str/Defaults)
2022-05-10T17:17:32.544774+00:00 DEBUG 'ansible_navigator.main' Prior to rollback: osc4 = 'True' (bool/Defaults)
2022-05-10T17:17:32.544815+00:00 DEBUG 'ansible_navigator.main' Prior to rollback: pass_environment_variable = 'Not set' (Constants/Not set)
2022-05-10T17:17:32.544857+00:00 DEBUG 'ansible_navigator.main' Prior to rollback: playbook = 'Not set' (Constants/Not set)
2022-05-10T17:17:32.544898+00:00 DEBUG 'ansible_navigator.main' Prior to rollback: playbook_artifact_enable = 'True' (bool/Defaults)
2022-05-10T17:17:32.544940+00:00 DEBUG 'ansible_navigator.main' Prior to rollback: playbook_artifact_replay = 'Not set' (Constants/Not set)
2022-05-10T17:17:32.544981+00:00 DEBUG 'ansible_navigator.main' Prior to rollback: playbook_artifact_save_as = '{playbook_dir}/{playbook_name}-artifact-{time_stamp}.json' (str/Defaults)
2022-05-10T17:17:32.545022+00:00 DEBUG 'ansible_navigator.main' Prior to rollback: plugin_name = 'Not set' (Constants/Not set)
2022-05-10T17:17:32.545064+00:00 DEBUG 'ansible_navigator.main' Prior to rollback: plugin_type = 'module' (str/Defaults)
2022-05-10T17:17:32.545105+00:00 DEBUG 'ansible_navigator.main' Prior to rollback: pull_arguments = 'Not set' (Constants/Not set)
2022-05-10T17:17:32.545146+00:00 DEBUG 'ansible_navigator.main' Prior to rollback: pull_policy = 'tag' (str/Defaults)
2022-05-10T17:17:32.545188+00:00 DEBUG 'ansible_navigator.main' Prior to rollback: set_environment_variable = 'Not set' (Constants/Not set)
2022-05-10T17:17:32.545230+00:00 DEBUG 'ansible_navigator.main' Prior to rollback: settings_effective = 'False' (bool/Defaults)
2022-05-10T17:17:32.545271+00:00 DEBUG 'ansible_navigator.main' Prior to rollback: settings_sample = 'False' (bool/Defaults)
2022-05-10T17:17:32.545312+00:00 DEBUG 'ansible_navigator.main' Prior to rollback: settings_schema = 'json' (str/Defaults)
2022-05-10T17:17:32.545353+00:00 DEBUG 'ansible_navigator.main' Prior to rollback: settings_sources = 'False' (bool/Defaults)
2022-05-10T17:17:32.545394+00:00 DEBUG 'ansible_navigator.main' Prior to rollback: time_zone = 'UTC' (str/Defaults)
2022-05-10T17:17:32.545435+00:00 DEBUG 'ansible_navigator.main' Prior to rollback: workdir = '/Users/hmourad/Documents/GitHub/lamna_fulldevenv' (str/Defaults)
2022-05-10T17:17:32.545476+00:00 DEBUG 'ansible_navigator.main' After rollback: ansible_runner_artifact_dir = 'Not set' (Constants/Not set)
2022-05-10T17:17:32.545517+00:00 DEBUG 'ansible_navigator.main' After rollback: ansible_runner_rotate_artifacts_count = 'Not set' (Constants/Not set)
2022-05-10T17:17:32.545558+00:00 DEBUG 'ansible_navigator.main' After rollback: ansible_runner_timeout = 'Not set' (Constants/Not set)
2022-05-10T17:17:32.545600+00:00 DEBUG 'ansible_navigator.main' After rollback: app = 'Not set' (Constants/Not set)
2022-05-10T17:17:32.545641+00:00 DEBUG 'ansible_navigator.main' After rollback: cmdline = 'Not set' (Constants/Not set)
2022-05-10T17:17:32.545682+00:00 DEBUG 'ansible_navigator.main' After rollback: collection_doc_cache_path = 'Not set' (Constants/Not set)
2022-05-10T17:17:32.545724+00:00 DEBUG 'ansible_navigator.main' After rollback: config = 'Not set' (Constants/Not set)
2022-05-10T17:17:32.545765+00:00 DEBUG 'ansible_navigator.main' After rollback: container_engine = 'Not set' (Constants/Not set)
2022-05-10T17:17:32.545806+00:00 DEBUG 'ansible_navigator.main' After rollback: container_options = 'Not set' (Constants/Not set)
2022-05-10T17:17:32.545847+00:00 DEBUG 'ansible_navigator.main' After rollback: display_color = 'Not set' (Constants/Not set)
2022-05-10T17:17:32.545889+00:00 DEBUG 'ansible_navigator.main' After rollback: editor_command = 'Not set' (Constants/Not set)
2022-05-10T17:17:32.545930+00:00 DEBUG 'ansible_navigator.main' After rollback: editor_console = 'Not set' (Constants/Not set)
2022-05-10T17:17:32.545972+00:00 DEBUG 'ansible_navigator.main' After rollback: exec_command = 'Not set' (Constants/Not set)
2022-05-10T17:17:32.546025+00:00 DEBUG 'ansible_navigator.main' After rollback: exec_shell = 'Not set' (Constants/Not set)
2022-05-10T17:17:32.546067+00:00 DEBUG 'ansible_navigator.main' After rollback: execution_environment = 'Not set' (Constants/Not set)
2022-05-10T17:17:32.546109+00:00 DEBUG 'ansible_navigator.main' After rollback: execution_environment_image = 'Not set' (Constants/Not set)
2022-05-10T17:17:32.546150+00:00 DEBUG 'ansible_navigator.main' After rollback: execution_environment_volume_mounts = 'Not set' (Constants/Not set)
2022-05-10T17:17:32.546192+00:00 DEBUG 'ansible_navigator.main' After rollback: help_builder = 'Not set' (Constants/Not set)
2022-05-10T17:17:32.546233+00:00 DEBUG 'ansible_navigator.main' After rollback: help_config = 'Not set' (Constants/Not set)
2022-05-10T17:17:32.546274+00:00 DEBUG 'ansible_navigator.main' After rollback: help_doc = 'Not set' (Constants/Not set)
2022-05-10T17:17:32.546316+00:00 DEBUG 'ansible_navigator.main' After rollback: help_inventory = 'Not set' (Constants/Not set)
2022-05-10T17:17:32.546357+00:00 DEBUG 'ansible_navigator.main' After rollback: help_playbook = 'Not set' (Constants/Not set)
2022-05-10T17:17:32.546399+00:00 DEBUG 'ansible_navigator.main' After rollback: images_details = 'Not set' (Constants/Not set)
2022-05-10T17:17:32.546440+00:00 DEBUG 'ansible_navigator.main' After rollback: inventory = 'Not set' (Constants/Not set)
2022-05-10T17:17:32.546481+00:00 DEBUG 'ansible_navigator.main' After rollback: inventory_column = 'Not set' (Constants/Not set)
2022-05-10T17:17:32.546526+00:00 DEBUG 'ansible_navigator.main' After rollback: lint_config = 'Not set' (Constants/Not set)
2022-05-10T17:17:32.546569+00:00 DEBUG 'ansible_navigator.main' After rollback: lintables = 'Not set' (Constants/Not set)
2022-05-10T17:17:32.546664+00:00 DEBUG 'ansible_navigator.main' After rollback: log_append = 'Not set' (Constants/Not set)
2022-05-10T17:17:32.546746+00:00 DEBUG 'ansible_navigator.main' After rollback: log_file = 'Not set' (Constants/Not set)
2022-05-10T17:17:32.546798+00:00 DEBUG 'ansible_navigator.main' After rollback: log_level = 'Not set' (Constants/Not set)
2022-05-10T17:17:32.546843+00:00 DEBUG 'ansible_navigator.main' After rollback: mode = 'Not set' (Constants/Not set)
2022-05-10T17:17:32.546885+00:00 DEBUG 'ansible_navigator.main' After rollback: osc4 = 'Not set' (Constants/Not set)
2022-05-10T17:17:32.546927+00:00 DEBUG 'ansible_navigator.main' After rollback: pass_environment_variable = 'Not set' (Constants/Not set)
2022-05-10T17:17:32.546969+00:00 DEBUG 'ansible_navigator.main' After rollback: playbook = 'Not set' (Constants/Not set)
2022-05-10T17:17:32.547011+00:00 DEBUG 'ansible_navigator.main' After rollback: playbook_artifact_enable = 'Not set' (Constants/Not set)
2022-05-10T17:17:32.547052+00:00 DEBUG 'ansible_navigator.main' After rollback: playbook_artifact_replay = 'Not set' (Constants/Not set)
2022-05-10T17:17:32.547093+00:00 DEBUG 'ansible_navigator.main' After rollback: playbook_artifact_save_as = 'Not set' (Constants/Not set)
2022-05-10T17:17:32.547133+00:00 DEBUG 'ansible_navigator.main' After rollback: plugin_name = 'Not set' (Constants/Not set)
2022-05-10T17:17:32.547174+00:00 DEBUG 'ansible_navigator.main' After rollback: plugin_type = 'Not set' (Constants/Not set)
2022-05-10T17:17:32.547214+00:00 DEBUG 'ansible_navigator.main' After rollback: pull_arguments = 'Not set' (Constants/Not set)
2022-05-10T17:17:32.547254+00:00 DEBUG 'ansible_navigator.main' After rollback: pull_policy = 'Not set' (Constants/Not set)
2022-05-10T17:17:32.547294+00:00 DEBUG 'ansible_navigator.main' After rollback: set_environment_variable = 'Not set' (Constants/Not set)
2022-05-10T17:17:32.547334+00:00 DEBUG 'ansible_navigator.main' After rollback: settings_effective = 'Not set' (Constants/Not set)
2022-05-10T17:17:32.547374+00:00 DEBUG 'ansible_navigator.main' After rollback: settings_sample = 'Not set' (Constants/Not set)
2022-05-10T17:17:32.547414+00:00 DEBUG 'ansible_navigator.main' After rollback: settings_schema = 'Not set' (Constants/Not set)
2022-05-10T17:17:32.547471+00:00 DEBUG 'ansible_navigator.main' After rollback: settings_sources = 'Not set' (Constants/Not set)
2022-05-10T17:17:32.547513+00:00 DEBUG 'ansible_navigator.main' After rollback: time_zone = 'Not set' (Constants/Not set)
2022-05-10T17:17:32.547553+00:00 DEBUG 'ansible_navigator.main' After rollback: workdir = 'Not set' (Constants/Not set)
2022-05-10T17:17:32.547593+00:00 DEBUG 'ansible_navigator.main' Configuration rollback complete.
2022-05-10T17:17:32.547634+00:00 DEBUG 'ansible_navigator.main' Collection doc cache not mounted
2022-05-10T17:17:32.547684+00:00 WARNING 'ansible_navigator.main' Issues were found while applying the settings.
2022-05-10T17:17:32.547729+00:00 INFO 'ansible_navigator.main' Command provided: 'lint setup_demo.yml'
2022-05-10T17:17:32.547778+00:00 ERROR 'ansible_navigator.main' Execution environment support while using podman requires a '/dev/mqueue/' directory.
2022-05-10T17:17:32.547823+00:00 INFO 'ansible_navigator.main' Try creating it with 'mkdir /dev/mqueue/' or reference the documentation for your operating system related to POSIX message queues.
2022-05-10T17:17:32.547867+00:00 INFO 'ansible_navigator.main' Configuration failed, using default log file location. (/Users/hmourad/Documents/GitHub/lamna_fulldevenv/ansible-navigator.log) Log level set to debug
2022-05-10T17:17:32.547911+00:00 INFO 'ansible_navigator.main' Review the hints and log file to see what went wrong.
